Dec 06, 2022 3:32:03 PM org.apache.catalina.startup.VersionLoggerListener log
INFO: Server version:        Apache Tomcat/7.0.62
Dec 06, 2022 3:32:03 PM org.apache.catalina.startup.VersionLoggerListener log
INFO: Server built:          May 7 2015 17:14:55 UTC
Dec 06, 2022 3:32:03 PM org.apache.catalina.startup.VersionLoggerListener log
INFO: Server number:         7.0.62.0
Dec 06, 2022 3:32:03 PM org.apache.catalina.startup.VersionLoggerListener log
INFO: OS Name:               Linux
Dec 06, 2022 3:32:03 PM org.apache.catalina.startup.VersionLoggerListener log
INFO: OS Version:            6.0.10-200.fc36.x86_64
Dec 06, 2022 3:32:03 PM org.apache.catalina.startup.VersionLoggerListener log
INFO: Architecture:          amd64
Dec 06, 2022 3:32:03 PM org.apache.catalina.startup.VersionLoggerListener log
INFO: Java Home:             /home/ngochuy/Downloads/PatientManagementProject/jdk1.8.0_281/jre
Dec 06, 2022 3:32:03 PM org.apache.catalina.startup.VersionLoggerListener log
INFO: JVM Version:           1.8.0_281-b09
Dec 06, 2022 3:32:03 PM org.apache.catalina.startup.VersionLoggerListener log
INFO: JVM Vendor:            Oracle Corporation
Dec 06, 2022 3:32:03 PM org.apache.catalina.startup.VersionLoggerListener log
INFO: CATALINA_BASE:         /home/ngochuy/Downloads/PatientManagementProject/apache-tomcat-7.0.62
Dec 06, 2022 3:32:03 PM org.apache.catalina.startup.VersionLoggerListener log
INFO: CATALINA_HOME:         /home/ngochuy/Downloads/PatientManagementProject/apache-tomcat-7.0.62
Dec 06, 2022 3:32:03 PM org.apache.catalina.startup.VersionLoggerListener log
INFO: Command line argument: -Djava.util.logging.config.file=/home/ngochuy/Downloads/PatientManagementProject/apache-tomcat-7.0.62/conf/logging.properties
Dec 06, 2022 3:32:03 PM org.apache.catalina.startup.VersionLoggerListener log
INFO: Command line argument: -Djava.util.logging.manager=org.apache.juli.ClassLoaderLogManager
Dec 06, 2022 3:32:03 PM org.apache.catalina.startup.VersionLoggerListener log
INFO: Command line argument: -Xms1536m
Dec 06, 2022 3:32:03 PM org.apache.catalina.startup.VersionLoggerListener log
INFO: Command line argument: -Xmx4096m
Dec 06, 2022 3:32:03 PM org.apache.catalina.startup.VersionLoggerListener log
INFO: Command line argument: -XX:PermSize=256m
Dec 06, 2022 3:32:03 PM org.apache.catalina.startup.VersionLoggerListener log
INFO: Command line argument: -XX:MaxPermSize=512m
Dec 06, 2022 3:32:03 PM org.apache.catalina.startup.VersionLoggerListener log
INFO: Command line argument: -XX:+DisableExplicitGC
Dec 06, 2022 3:32:03 PM org.apache.catalina.startup.VersionLoggerListener log
INFO: Command line argument: -Dfile.encoding=utf-8
Dec 06, 2022 3:32:03 PM org.apache.catalina.startup.VersionLoggerListener log
INFO: Command line argument: -Xverify:none
Dec 06, 2022 3:32:03 PM org.apache.catalina.startup.VersionLoggerListener log
INFO: Command line argument: -Dlog4j1.compatibility=true
Dec 06, 2022 3:32:03 PM org.apache.catalina.startup.VersionLoggerListener log
INFO: Command line argument: -Djava.endorsed.dirs=/home/ngochuy/Downloads/PatientManagementProject/apache-tomcat-7.0.62/endorsed
Dec 06, 2022 3:32:03 PM org.apache.catalina.startup.VersionLoggerListener log
INFO: Command line argument: -Dcatalina.base=/home/ngochuy/Downloads/PatientManagementProject/apache-tomcat-7.0.62
Dec 06, 2022 3:32:03 PM org.apache.catalina.startup.VersionLoggerListener log
INFO: Command line argument: -Dcatalina.home=/home/ngochuy/Downloads/PatientManagementProject/apache-tomcat-7.0.62
Dec 06, 2022 3:32:03 PM org.apache.catalina.startup.VersionLoggerListener log
INFO: Command line argument: -Djava.io.tmpdir=/home/ngochuy/Downloads/PatientManagementProject/apache-tomcat-7.0.62/temp
Dec 06, 2022 3:32:03 PM org.apache.catalina.core.AprLifecycleListener lifecycleEvent
INFO: The APR based Apache Tomcat Native library which allows optimal performance in production environments was not found on the java.library.path: /usr/java/packages/lib/amd64:/usr/lib64:/lib64:/lib:/usr/lib
Dec 06, 2022 3:32:03 PM org.apache.coyote.AbstractProtocol init
INFO: Initializing ProtocolHandler ["http-bio-8080"]
Dec 06, 2022 3:32:03 PM org.apache.coyote.AbstractProtocol init
INFO: Initializing ProtocolHandler ["ajp-bio-8009"]
Dec 06, 2022 3:32:03 PM org.apache.catalina.startup.Catalina load
INFO: Initialization processed in 344 ms
Dec 06, 2022 3:32:03 PM org.apache.catalina.core.StandardService startInternal
INFO: Starting service Catalina
Dec 06, 2022 3:32:03 PM org.apache.catalina.core.StandardEngine startInternal
INFO: Starting Servlet Engine: Apache Tomcat/7.0.62
Dec 06, 2022 3:32:03 PM org.apache.catalina.startup.HostConfig deployDescriptor
INFO: Deploying configuration descriptor /home/ngochuy/Downloads/PatientManagementProject/apache-tomcat-7.0.62/conf/Catalina/localhost/ROOT.xml
Dec 06, 2022 3:32:03 PM org.apache.catalina.core.StandardContext setPath
WARNING: A context path must either be an empty string or start with a '/' and do not end with a '/'. The path [/] does not meet these criteria and has been changed to []
Dec 06, 2022 3:32:03 PM org.apache.catalina.core.StandardContext resourcesStart
SEVERE: Error starting static Resources
java.lang.IllegalArgumentException: Document base /data/Training/Training/Java/JavaEE/PatientManagementProject/source/PatientManagement/WebContent does not exist or is not a readable directory
	at org.apache.naming.resources.FileDirContext.setDocBase(FileDirContext.java:136)
	at org.apache.catalina.core.StandardContext.resourcesStart(StandardContext.java:5145)
	at org.apache.catalina.core.StandardContext.startInternal(StandardContext.java:5330)
	at org.apache.catalina.util.LifecycleBase.start(LifecycleBase.java:150)
	at org.apache.catalina.core.ContainerBase.addChildInternal(ContainerBase.java:901)
	at org.apache.catalina.core.ContainerBase.addChild(ContainerBase.java:877)
	at org.apache.catalina.core.StandardHost.addChild(StandardHost.java:652)
	at org.apache.catalina.startup.HostConfig.deployDescriptor(HostConfig.java:677)
	at org.apache.catalina.startup.HostConfig$DeployDescriptor.run(HostConfig.java:1912)
	at java.util.concurrent.Executors$RunnableAdapter.call(Executors.java:511)
	at java.util.concurrent.FutureTask.run(FutureTask.java:266)
	at java.util.concurrent.ThreadPoolExecutor.runWorker(ThreadPoolExecutor.java:1149)
	at java.util.concurrent.ThreadPoolExecutor$Worker.run(ThreadPoolExecutor.java:624)
	at java.lang.Thread.run(Thread.java:748)

Dec 06, 2022 3:32:03 PM org.apache.catalina.core.ContainerBase addChildInternal
SEVERE: ContainerBase.addChild: start: 
org.apache.catalina.LifecycleException: Failed to start component [StandardEngine[Catalina].StandardHost[localhost].StandardContext[]]
	at org.apache.catalina.util.LifecycleBase.start(LifecycleBase.java:154)
	at org.apache.catalina.core.ContainerBase.addChildInternal(ContainerBase.java:901)
	at org.apache.catalina.core.ContainerBase.addChild(ContainerBase.java:877)
	at org.apache.catalina.core.StandardHost.addChild(StandardHost.java:652)
	at org.apache.catalina.startup.HostConfig.deployDescriptor(HostConfig.java:677)
	at org.apache.catalina.startup.HostConfig$DeployDescriptor.run(HostConfig.java:1912)
	at java.util.concurrent.Executors$RunnableAdapter.call(Executors.java:511)
	at java.util.concurrent.FutureTask.run(FutureTask.java:266)
	at java.util.concurrent.ThreadPoolExecutor.runWorker(ThreadPoolExecutor.java:1149)
	at java.util.concurrent.ThreadPoolExecutor$Worker.run(ThreadPoolExecutor.java:624)
	at java.lang.Thread.run(Thread.java:748)
Caused by: org.apache.catalina.LifecycleException: Error in resourceStart()
	at org.apache.catalina.core.StandardContext.startInternal(StandardContext.java:5331)
	at org.apache.catalina.util.LifecycleBase.start(LifecycleBase.java:150)
	... 10 more

Dec 06, 2022 3:32:03 PM org.apache.catalina.startup.HostConfig deployDescriptor
SEVERE: Error deploying configuration descriptor /home/ngochuy/Downloads/PatientManagementProject/apache-tomcat-7.0.62/conf/Catalina/localhost/ROOT.xml
java.lang.IllegalStateException: ContainerBase.addChild: start: org.apache.catalina.LifecycleException: Failed to start component [StandardEngine[Catalina].StandardHost[localhost].StandardContext[]]
	at org.apache.catalina.core.ContainerBase.addChildInternal(ContainerBase.java:904)
	at org.apache.catalina.core.ContainerBase.addChild(ContainerBase.java:877)
	at org.apache.catalina.core.StandardHost.addChild(StandardHost.java:652)
	at org.apache.catalina.startup.HostConfig.deployDescriptor(HostConfig.java:677)
	at org.apache.catalina.startup.HostConfig$DeployDescriptor.run(HostConfig.java:1912)
	at java.util.concurrent.Executors$RunnableAdapter.call(Executors.java:511)
	at java.util.concurrent.FutureTask.run(FutureTask.java:266)
	at java.util.concurrent.ThreadPoolExecutor.runWorker(ThreadPoolExecutor.java:1149)
	at java.util.concurrent.ThreadPoolExecutor$Worker.run(ThreadPoolExecutor.java:624)
	at java.lang.Thread.run(Thread.java:748)

Dec 06, 2022 3:32:03 PM org.apache.catalina.startup.HostConfig deployDescriptor
INFO: Deployment of configuration descriptor /home/ngochuy/Downloads/PatientManagementProject/apache-tomcat-7.0.62/conf/Catalina/localhost/ROOT.xml has finished in 49 ms
Dec 06, 2022 3:32:03 PM org.apache.catalina.startup.HostConfig deployDescriptor
INFO: Deploying configuration descriptor /home/ngochuy/Downloads/PatientManagementProject/apache-tomcat-7.0.62/conf/Catalina/localhost/patient1.xml
Dec 06, 2022 3:32:03 PM org.apache.catalina.core.StandardContext setPath
WARNING: A context path must either be an empty string or start with a '/' and do not end with a '/'. The path [/] does not meet these criteria and has been changed to []
Dec 06, 2022 3:32:03 PM org.apache.catalina.core.StandardContext resourcesStart
SEVERE: Error starting static Resources
java.lang.IllegalArgumentException: Document base /data/Training/Training/Java/JavaEE/PatientManagementProject/source/PatientManagement/WebContent does not exist or is not a readable directory
	at org.apache.naming.resources.FileDirContext.setDocBase(FileDirContext.java:136)
	at org.apache.catalina.core.StandardContext.resourcesStart(StandardContext.java:5145)
	at org.apache.catalina.core.StandardContext.startInternal(StandardContext.java:5330)
	at org.apache.catalina.util.LifecycleBase.start(LifecycleBase.java:150)
	at org.apache.catalina.core.ContainerBase.addChildInternal(ContainerBase.java:901)
	at org.apache.catalina.core.ContainerBase.addChild(ContainerBase.java:877)
	at org.apache.catalina.core.StandardHost.addChild(StandardHost.java:652)
	at org.apache.catalina.startup.HostConfig.deployDescriptor(HostConfig.java:677)
	at org.apache.catalina.startup.HostConfig$DeployDescriptor.run(HostConfig.java:1912)
	at java.util.concurrent.Executors$RunnableAdapter.call(Executors.java:511)
	at java.util.concurrent.FutureTask.run(FutureTask.java:266)
	at java.util.concurrent.ThreadPoolExecutor.runWorker(ThreadPoolExecutor.java:1149)
	at java.util.concurrent.ThreadPoolExecutor$Worker.run(ThreadPoolExecutor.java:624)
	at java.lang.Thread.run(Thread.java:748)

Dec 06, 2022 3:32:03 PM org.apache.catalina.core.ContainerBase addChildInternal
SEVERE: ContainerBase.addChild: start: 
org.apache.catalina.LifecycleException: Failed to start component [StandardEngine[Catalina].StandardHost[localhost].StandardContext[/patient1]]
	at org.apache.catalina.util.LifecycleBase.start(LifecycleBase.java:154)
	at org.apache.catalina.core.ContainerBase.addChildInternal(ContainerBase.java:901)
	at org.apache.catalina.core.ContainerBase.addChild(ContainerBase.java:877)
	at org.apache.catalina.core.StandardHost.addChild(StandardHost.java:652)
	at org.apache.catalina.startup.HostConfig.deployDescriptor(HostConfig.java:677)
	at org.apache.catalina.startup.HostConfig$DeployDescriptor.run(HostConfig.java:1912)
	at java.util.concurrent.Executors$RunnableAdapter.call(Executors.java:511)
	at java.util.concurrent.FutureTask.run(FutureTask.java:266)
	at java.util.concurrent.ThreadPoolExecutor.runWorker(ThreadPoolExecutor.java:1149)
	at java.util.concurrent.ThreadPoolExecutor$Worker.run(ThreadPoolExecutor.java:624)
	at java.lang.Thread.run(Thread.java:748)
Caused by: org.apache.catalina.LifecycleException: Error in resourceStart()
	at org.apache.catalina.core.StandardContext.startInternal(StandardContext.java:5331)
	at org.apache.catalina.util.LifecycleBase.start(LifecycleBase.java:150)
	... 10 more

Dec 06, 2022 3:32:03 PM org.apache.catalina.startup.HostConfig deployDescriptor
SEVERE: Error deploying configuration descriptor /home/ngochuy/Downloads/PatientManagementProject/apache-tomcat-7.0.62/conf/Catalina/localhost/patient1.xml
java.lang.IllegalStateException: ContainerBase.addChild: start: org.apache.catalina.LifecycleException: Failed to start component [StandardEngine[Catalina].StandardHost[localhost].StandardContext[/patient1]]
	at org.apache.catalina.core.ContainerBase.addChildInternal(ContainerBase.java:904)
	at org.apache.catalina.core.ContainerBase.addChild(ContainerBase.java:877)
	at org.apache.catalina.core.StandardHost.addChild(StandardHost.java:652)
	at org.apache.catalina.startup.HostConfig.deployDescriptor(HostConfig.java:677)
	at org.apache.catalina.startup.HostConfig$DeployDescriptor.run(HostConfig.java:1912)
	at java.util.concurrent.Executors$RunnableAdapter.call(Executors.java:511)
	at java.util.concurrent.FutureTask.run(FutureTask.java:266)
	at java.util.concurrent.ThreadPoolExecutor.runWorker(ThreadPoolExecutor.java:1149)
	at java.util.concurrent.ThreadPoolExecutor$Worker.run(ThreadPoolExecutor.java:624)
	at java.lang.Thread.run(Thread.java:748)

Dec 06, 2022 3:32:03 PM org.apache.catalina.startup.HostConfig deployDescriptor
INFO: Deployment of configuration descriptor /home/ngochuy/Downloads/PatientManagementProject/apache-tomcat-7.0.62/conf/Catalina/localhost/patient1.xml has finished in 9 ms
Dec 06, 2022 3:32:03 PM org.apache.catalina.startup.HostConfig deployDirectory
INFO: Deploying web application directory /home/ngochuy/Downloads/PatientManagementProject/apache-tomcat-7.0.62/webapps/docs
Dec 06, 2022 3:32:04 PM org.apache.catalina.startup.HostConfig deployDirectory
INFO: Deployment of web application directory /home/ngochuy/Downloads/PatientManagementProject/apache-tomcat-7.0.62/webapps/docs has finished in 141 ms
Dec 06, 2022 3:32:04 PM org.apache.catalina.startup.HostConfig deployDirectory
INFO: Deploying web application directory /home/ngochuy/Downloads/PatientManagementProject/apache-tomcat-7.0.62/webapps/examples
Dec 06, 2022 3:32:04 PM org.apache.catalina.core.StandardContext startInternal
SEVERE: One or more listeners failed to start. Full details will be found in the appropriate container log file
Dec 06, 2022 3:32:04 PM org.apache.catalina.core.StandardContext startInternal
SEVERE: Context [/examples] startup failed due to previous errors
Dec 06, 2022 3:32:04 PM org.apache.catalina.startup.HostConfig deployDirectory
INFO: Deployment of web application directory /home/ngochuy/Downloads/PatientManagementProject/apache-tomcat-7.0.62/webapps/examples has finished in 150 ms
Dec 06, 2022 3:32:04 PM org.apache.catalina.startup.HostConfig deployDirectory
INFO: Deploying web application directory /home/ngochuy/Downloads/PatientManagementProject/apache-tomcat-7.0.62/webapps/manager
Dec 06, 2022 3:32:04 PM org.apache.catalina.startup.HostConfig deployDirectory
INFO: Deployment of web application directory /home/ngochuy/Downloads/PatientManagementProject/apache-tomcat-7.0.62/webapps/manager has finished in 44 ms
Dec 06, 2022 3:32:04 PM org.apache.catalina.startup.HostConfig deployDirectory
INFO: Deploying web application directory /home/ngochuy/Downloads/PatientManagementProject/apache-tomcat-7.0.62/webapps/host-manager
Dec 06, 2022 3:32:04 PM org.apache.catalina.startup.HostConfig deployDirectory
INFO: Deployment of web application directory /home/ngochuy/Downloads/PatientManagementProject/apache-tomcat-7.0.62/webapps/host-manager has finished in 35 ms
Dec 06, 2022 3:32:04 PM org.apache.coyote.AbstractProtocol start
INFO: Starting ProtocolHandler ["http-bio-8080"]
Dec 06, 2022 3:32:04 PM org.apache.coyote.AbstractProtocol start
INFO: Starting ProtocolHandler ["ajp-bio-8009"]
Dec 06, 2022 3:32:04 PM org.apache.catalina.startup.Catalina start
INFO: Server startup in 467 ms
Dec 06, 2022 4:24:11 PM org.apache.coyote.AbstractProtocol pause
INFO: Pausing ProtocolHandler ["http-bio-8080"]
Dec 06, 2022 4:24:11 PM org.apache.coyote.AbstractProtocol pause
INFO: Pausing ProtocolHandler ["ajp-bio-8009"]
Dec 06, 2022 4:24:11 PM org.apache.catalina.core.StandardService stopInternal
INFO: Stopping service Catalina
Dec 06, 2022 4:24:11 PM org.apache.coyote.AbstractProtocol stop
INFO: Stopping ProtocolHandler ["http-bio-8080"]
Dec 06, 2022 4:24:11 PM org.apache.coyote.AbstractProtocol stop
INFO: Stopping ProtocolHandler ["ajp-bio-8009"]
Dec 06, 2022 4:24:11 PM org.apache.coyote.AbstractProtocol destroy
INFO: Destroying ProtocolHandler ["http-bio-8080"]
Dec 06, 2022 4:24:11 PM org.apache.coyote.AbstractProtocol destroy
INFO: Destroying ProtocolHandler ["ajp-bio-8009"]
