Dec 09, 2022 9:53:08 AM org.apache.catalina.startup.VersionLoggerListener log
INFO: Server version:        Apache Tomcat/7.0.62
Dec 09, 2022 9:53:08 AM org.apache.catalina.startup.VersionLoggerListener log
INFO: Server built:          May 7 2015 17:14:55 UTC
Dec 09, 2022 9:53:08 AM org.apache.catalina.startup.VersionLoggerListener log
INFO: Server number:         7.0.62.0
Dec 09, 2022 9:53:08 AM org.apache.catalina.startup.VersionLoggerListener log
INFO: OS Name:               Linux
Dec 09, 2022 9:53:08 AM org.apache.catalina.startup.VersionLoggerListener log
INFO: OS Version:            6.0.10-200.fc36.x86_64
Dec 09, 2022 9:53:08 AM org.apache.catalina.startup.VersionLoggerListener log
INFO: Architecture:          amd64
Dec 09, 2022 9:53:08 AM org.apache.catalina.startup.VersionLoggerListener log
INFO: Java Home:             /home/ngochuy/storage/Exercise/ExerciseJaVaEE/jdk1.8.0_281/jre
Dec 09, 2022 9:53:08 AM org.apache.catalina.startup.VersionLoggerListener log
INFO: JVM Version:           1.8.0_281-b09
Dec 09, 2022 9:53:08 AM org.apache.catalina.startup.VersionLoggerListener log
INFO: JVM Vendor:            Oracle Corporation
Dec 09, 2022 9:53:08 AM org.apache.catalina.startup.VersionLoggerListener log
INFO: CATALINA_BASE:         /home/ngochuy/storage/Exercise/ExerciseJaVaEE/apache-tomcat-7.0.62
Dec 09, 2022 9:53:08 AM org.apache.catalina.startup.VersionLoggerListener log
INFO: CATALINA_HOME:         /home/ngochuy/storage/Exercise/ExerciseJaVaEE/apache-tomcat-7.0.62
Dec 09, 2022 9:53:08 AM org.apache.catalina.startup.VersionLoggerListener log
INFO: Command line argument: -Djava.util.logging.config.file=/home/ngochuy/storage/Exercise/ExerciseJaVaEE/apache-tomcat-7.0.62/conf/logging.properties
Dec 09, 2022 9:53:08 AM org.apache.catalina.startup.VersionLoggerListener log
INFO: Command line argument: -Djava.util.logging.manager=org.apache.juli.ClassLoaderLogManager
Dec 09, 2022 9:53:08 AM org.apache.catalina.startup.VersionLoggerListener log
INFO: Command line argument: -Xms1536m
Dec 09, 2022 9:53:08 AM org.apache.catalina.startup.VersionLoggerListener log
INFO: Command line argument: -Xmx4096m
Dec 09, 2022 9:53:08 AM org.apache.catalina.startup.VersionLoggerListener log
INFO: Command line argument: -XX:PermSize=256m
Dec 09, 2022 9:53:08 AM org.apache.catalina.startup.VersionLoggerListener log
INFO: Command line argument: -XX:MaxPermSize=512m
Dec 09, 2022 9:53:08 AM org.apache.catalina.startup.VersionLoggerListener log
INFO: Command line argument: -XX:+DisableExplicitGC
Dec 09, 2022 9:53:08 AM org.apache.catalina.startup.VersionLoggerListener log
INFO: Command line argument: -Dfile.encoding=utf-8
Dec 09, 2022 9:53:08 AM org.apache.catalina.startup.VersionLoggerListener log
INFO: Command line argument: -Xverify:none
Dec 09, 2022 9:53:08 AM org.apache.catalina.startup.VersionLoggerListener log
INFO: Command line argument: -Dlog4j1.compatibility=true
Dec 09, 2022 9:53:08 AM org.apache.catalina.startup.VersionLoggerListener log
INFO: Command line argument: -Djava.endorsed.dirs=/home/ngochuy/storage/Exercise/ExerciseJaVaEE/apache-tomcat-7.0.62/endorsed
Dec 09, 2022 9:53:08 AM org.apache.catalina.startup.VersionLoggerListener log
INFO: Command line argument: -Dcatalina.base=/home/ngochuy/storage/Exercise/ExerciseJaVaEE/apache-tomcat-7.0.62
Dec 09, 2022 9:53:08 AM org.apache.catalina.startup.VersionLoggerListener log
INFO: Command line argument: -Dcatalina.home=/home/ngochuy/storage/Exercise/ExerciseJaVaEE/apache-tomcat-7.0.62
Dec 09, 2022 9:53:08 AM org.apache.catalina.startup.VersionLoggerListener log
INFO: Command line argument: -Djava.io.tmpdir=/home/ngochuy/storage/Exercise/ExerciseJaVaEE/apache-tomcat-7.0.62/temp
Dec 09, 2022 9:53:08 AM org.apache.catalina.core.AprLifecycleListener lifecycleEvent
INFO: The APR based Apache Tomcat Native library which allows optimal performance in production environments was not found on the java.library.path: /usr/java/packages/lib/amd64:/usr/lib64:/lib64:/lib:/usr/lib
Dec 09, 2022 9:53:08 AM org.apache.coyote.AbstractProtocol init
INFO: Initializing ProtocolHandler ["http-bio-8080"]
Dec 09, 2022 9:53:08 AM org.apache.coyote.AbstractProtocol init
INFO: Initializing ProtocolHandler ["ajp-bio-8009"]
Dec 09, 2022 9:53:08 AM org.apache.catalina.startup.Catalina load
INFO: Initialization processed in 374 ms
Dec 09, 2022 9:53:08 AM org.apache.catalina.core.StandardService startInternal
INFO: Starting service Catalina
Dec 09, 2022 9:53:08 AM org.apache.catalina.core.StandardEngine startInternal
INFO: Starting Servlet Engine: Apache Tomcat/7.0.62
Dec 09, 2022 9:53:08 AM org.apache.catalina.startup.HostConfig deployDescriptor
INFO: Deploying configuration descriptor /home/ngochuy/storage/Exercise/ExerciseJaVaEE/apache-tomcat-7.0.62/conf/Catalina/localhost/ROOT.xml
Dec 09, 2022 9:53:08 AM org.apache.catalina.core.StandardContext setPath
WARNING: A context path must either be an empty string or start with a '/' and do not end with a '/'. The path [/] does not meet these criteria and has been changed to []
Dec 09, 2022 9:53:08 AM org.apache.catalina.startup.HostConfig deployDescriptor
INFO: Deployment of configuration descriptor /home/ngochuy/storage/Exercise/ExerciseJaVaEE/apache-tomcat-7.0.62/conf/Catalina/localhost/ROOT.xml has finished in 212 ms
Dec 09, 2022 9:53:08 AM org.apache.catalina.startup.HostConfig deployDescriptor
INFO: Deploying configuration descriptor /home/ngochuy/storage/Exercise/ExerciseJaVaEE/apache-tomcat-7.0.62/conf/Catalina/localhost/patient1.xml
Dec 09, 2022 9:53:08 AM org.apache.catalina.core.StandardContext setPath
WARNING: A context path must either be an empty string or start with a '/' and do not end with a '/'. The path [/] does not meet these criteria and has been changed to []
Dec 09, 2022 9:53:08 AM org.apache.catalina.core.StandardContext resourcesStart
SEVERE: Error starting static Resources
java.lang.IllegalArgumentException: Document base /data/Training/Training/Java/JavaEE/PatientManagementProject/source/PatientManagement/WebContent does not exist or is not a readable directory
	at org.apache.naming.resources.FileDirContext.setDocBase(FileDirContext.java:136)
	at org.apache.catalina.core.StandardContext.resourcesStart(StandardContext.java:5145)
	at org.apache.catalina.core.StandardContext.startInternal(StandardContext.java:5330)
	at org.apache.catalina.util.LifecycleBase.start(LifecycleBase.java:150)
	at org.apache.catalina.core.ContainerBase.addChildInternal(ContainerBase.java:901)
	at org.apache.catalina.core.ContainerBase.addChild(ContainerBase.java:877)
	at org.apache.catalina.core.StandardHost.addChild(StandardHost.java:652)
	at org.apache.catalina.startup.HostConfig.deployDescriptor(HostConfig.java:677)
	at org.apache.catalina.startup.HostConfig$DeployDescriptor.run(HostConfig.java:1912)
	at java.util.concurrent.Executors$RunnableAdapter.call(Executors.java:511)
	at java.util.concurrent.FutureTask.run(FutureTask.java:266)
	at java.util.concurrent.ThreadPoolExecutor.runWorker(ThreadPoolExecutor.java:1149)
	at java.util.concurrent.ThreadPoolExecutor$Worker.run(ThreadPoolExecutor.java:624)
	at java.lang.Thread.run(Thread.java:748)

Dec 09, 2022 9:53:08 AM org.apache.catalina.core.ContainerBase addChildInternal
SEVERE: ContainerBase.addChild: start: 
org.apache.catalina.LifecycleException: Failed to start component [StandardEngine[Catalina].StandardHost[localhost].StandardContext[/patient1]]
	at org.apache.catalina.util.LifecycleBase.start(LifecycleBase.java:154)
	at org.apache.catalina.core.ContainerBase.addChildInternal(ContainerBase.java:901)
	at org.apache.catalina.core.ContainerBase.addChild(ContainerBase.java:877)
	at org.apache.catalina.core.StandardHost.addChild(StandardHost.java:652)
	at org.apache.catalina.startup.HostConfig.deployDescriptor(HostConfig.java:677)
	at org.apache.catalina.startup.HostConfig$DeployDescriptor.run(HostConfig.java:1912)
	at java.util.concurrent.Executors$RunnableAdapter.call(Executors.java:511)
	at java.util.concurrent.FutureTask.run(FutureTask.java:266)
	at java.util.concurrent.ThreadPoolExecutor.runWorker(ThreadPoolExecutor.java:1149)
	at java.util.concurrent.ThreadPoolExecutor$Worker.run(ThreadPoolExecutor.java:624)
	at java.lang.Thread.run(Thread.java:748)
Caused by: org.apache.catalina.LifecycleException: Error in resourceStart()
	at org.apache.catalina.core.StandardContext.startInternal(StandardContext.java:5331)
	at org.apache.catalina.util.LifecycleBase.start(LifecycleBase.java:150)
	... 10 more

Dec 09, 2022 9:53:08 AM org.apache.catalina.startup.HostConfig deployDescriptor
SEVERE: Error deploying configuration descriptor /home/ngochuy/storage/Exercise/ExerciseJaVaEE/apache-tomcat-7.0.62/conf/Catalina/localhost/patient1.xml
java.lang.IllegalStateException: ContainerBase.addChild: start: org.apache.catalina.LifecycleException: Failed to start component [StandardEngine[Catalina].StandardHost[localhost].StandardContext[/patient1]]
	at org.apache.catalina.core.ContainerBase.addChildInternal(ContainerBase.java:904)
	at org.apache.catalina.core.ContainerBase.addChild(ContainerBase.java:877)
	at org.apache.catalina.core.StandardHost.addChild(StandardHost.java:652)
	at org.apache.catalina.startup.HostConfig.deployDescriptor(HostConfig.java:677)
	at org.apache.catalina.startup.HostConfig$DeployDescriptor.run(HostConfig.java:1912)
	at java.util.concurrent.Executors$RunnableAdapter.call(Executors.java:511)
	at java.util.concurrent.FutureTask.run(FutureTask.java:266)
	at java.util.concurrent.ThreadPoolExecutor.runWorker(ThreadPoolExecutor.java:1149)
	at java.util.concurrent.ThreadPoolExecutor$Worker.run(ThreadPoolExecutor.java:624)
	at java.lang.Thread.run(Thread.java:748)

Dec 09, 2022 9:53:08 AM org.apache.catalina.startup.HostConfig deployDescriptor
INFO: Deployment of configuration descriptor /home/ngochuy/storage/Exercise/ExerciseJaVaEE/apache-tomcat-7.0.62/conf/Catalina/localhost/patient1.xml has finished in 12 ms
Dec 09, 2022 9:53:08 AM org.apache.catalina.startup.HostConfig deployDirectory
INFO: Deploying web application directory /home/ngochuy/storage/Exercise/ExerciseJaVaEE/apache-tomcat-7.0.62/webapps/docs
Dec 09, 2022 9:53:08 AM org.apache.catalina.startup.HostConfig deployDirectory
INFO: Deployment of web application directory /home/ngochuy/storage/Exercise/ExerciseJaVaEE/apache-tomcat-7.0.62/webapps/docs has finished in 42 ms
Dec 09, 2022 9:53:08 AM org.apache.catalina.startup.HostConfig deployDirectory
INFO: Deploying web application directory /home/ngochuy/storage/Exercise/ExerciseJaVaEE/apache-tomcat-7.0.62/webapps/examples
Dec 09, 2022 9:53:08 AM org.apache.catalina.core.StandardContext startInternal
SEVERE: One or more listeners failed to start. Full details will be found in the appropriate container log file
Dec 09, 2022 9:53:08 AM org.apache.catalina.core.StandardContext startInternal
SEVERE: Context [/examples] startup failed due to previous errors
Dec 09, 2022 9:53:08 AM org.apache.catalina.startup.HostConfig deployDirectory
INFO: Deployment of web application directory /home/ngochuy/storage/Exercise/ExerciseJaVaEE/apache-tomcat-7.0.62/webapps/examples has finished in 139 ms
Dec 09, 2022 9:53:08 AM org.apache.catalina.startup.HostConfig deployDirectory
INFO: Deploying web application directory /home/ngochuy/storage/Exercise/ExerciseJaVaEE/apache-tomcat-7.0.62/webapps/manager
Dec 09, 2022 9:53:08 AM org.apache.catalina.startup.HostConfig deployDirectory
INFO: Deployment of web application directory /home/ngochuy/storage/Exercise/ExerciseJaVaEE/apache-tomcat-7.0.62/webapps/manager has finished in 42 ms
Dec 09, 2022 9:53:08 AM org.apache.catalina.startup.HostConfig deployDirectory
INFO: Deploying web application directory /home/ngochuy/storage/Exercise/ExerciseJaVaEE/apache-tomcat-7.0.62/webapps/host-manager
Dec 09, 2022 9:53:09 AM org.apache.catalina.startup.HostConfig deployDirectory
INFO: Deployment of web application directory /home/ngochuy/storage/Exercise/ExerciseJaVaEE/apache-tomcat-7.0.62/webapps/host-manager has finished in 35 ms
Dec 09, 2022 9:53:09 AM org.apache.coyote.AbstractProtocol start
INFO: Starting ProtocolHandler ["http-bio-8080"]
Dec 09, 2022 9:53:09 AM org.apache.coyote.AbstractProtocol start
INFO: Starting ProtocolHandler ["ajp-bio-8009"]
Dec 09, 2022 9:53:09 AM org.apache.catalina.startup.Catalina start
INFO: Server startup in 517 ms
Dec 09, 2022 9:53:39 AM org.apache.catalina.core.StandardContext reload
INFO: Reloading Context with name [] has started
Dec 09, 2022 9:53:39 AM org.apache.catalina.core.StandardContext reload
INFO: Reloading Context with name [] is completed
Dec 09, 2022 10:05:49 AM org.apache.catalina.core.StandardContext reload
INFO: Reloading Context with name [] has started
Dec 09, 2022 10:05:49 AM org.apache.catalina.core.StandardContext reload
INFO: Reloading Context with name [] is completed
Dec 09, 2022 11:42:09 AM org.apache.catalina.core.StandardContext reload
INFO: Reloading Context with name [] has started
Dec 09, 2022 11:42:09 AM org.apache.catalina.core.StandardContext reload
INFO: Reloading Context with name [] is completed
Dec 09, 2022 11:45:29 AM org.apache.catalina.core.StandardContext reload
INFO: Reloading Context with name [] has started
Dec 09, 2022 11:45:29 AM org.apache.catalina.core.StandardContext reload
INFO: Reloading Context with name [] is completed
Dec 09, 2022 11:48:39 AM org.apache.catalina.core.StandardContext reload
INFO: Reloading Context with name [] has started
Dec 09, 2022 11:48:40 AM org.apache.catalina.core.StandardContext reload
INFO: Reloading Context with name [] is completed
Dec 09, 2022 1:47:30 PM org.apache.catalina.core.StandardContext reload
INFO: Reloading Context with name [] has started
Dec 09, 2022 1:47:30 PM org.apache.catalina.core.StandardContext reload
INFO: Reloading Context with name [] is completed
Dec 09, 2022 1:47:44 PM org.apache.coyote.AbstractProtocol pause
INFO: Pausing ProtocolHandler ["http-bio-8080"]
Dec 09, 2022 1:47:44 PM org.apache.coyote.AbstractProtocol pause
INFO: Pausing ProtocolHandler ["ajp-bio-8009"]
Dec 09, 2022 1:47:44 PM org.apache.catalina.core.StandardService stopInternal
INFO: Stopping service Catalina
Dec 09, 2022 1:47:44 PM org.apache.coyote.AbstractProtocol stop
INFO: Stopping ProtocolHandler ["http-bio-8080"]
Dec 09, 2022 1:47:44 PM org.apache.coyote.AbstractProtocol stop
INFO: Stopping ProtocolHandler ["ajp-bio-8009"]
Dec 09, 2022 1:47:44 PM org.apache.coyote.AbstractProtocol destroy
INFO: Destroying ProtocolHandler ["http-bio-8080"]
Dec 09, 2022 1:47:44 PM org.apache.coyote.AbstractProtocol destroy
INFO: Destroying ProtocolHandler ["ajp-bio-8009"]
Dec 09, 2022 1:47:52 PM org.apache.catalina.startup.VersionLoggerListener log
INFO: Server version:        Apache Tomcat/7.0.62
Dec 09, 2022 1:47:52 PM org.apache.catalina.startup.VersionLoggerListener log
INFO: Server built:          May 7 2015 17:14:55 UTC
Dec 09, 2022 1:47:52 PM org.apache.catalina.startup.VersionLoggerListener log
INFO: Server number:         7.0.62.0
Dec 09, 2022 1:47:52 PM org.apache.catalina.startup.VersionLoggerListener log
INFO: OS Name:               Linux
Dec 09, 2022 1:47:52 PM org.apache.catalina.startup.VersionLoggerListener log
INFO: OS Version:            6.0.10-200.fc36.x86_64
Dec 09, 2022 1:47:52 PM org.apache.catalina.startup.VersionLoggerListener log
INFO: Architecture:          amd64
Dec 09, 2022 1:47:52 PM org.apache.catalina.startup.VersionLoggerListener log
INFO: Java Home:             /home/ngochuy/storage/Exercise/ExerciseJaVaEE/jdk1.8.0_281/jre
Dec 09, 2022 1:47:52 PM org.apache.catalina.startup.VersionLoggerListener log
INFO: JVM Version:           1.8.0_281-b09
Dec 09, 2022 1:47:52 PM org.apache.catalina.startup.VersionLoggerListener log
INFO: JVM Vendor:            Oracle Corporation
Dec 09, 2022 1:47:52 PM org.apache.catalina.startup.VersionLoggerListener log
INFO: CATALINA_BASE:         /home/ngochuy/storage/Exercise/ExerciseJaVaEE/apache-tomcat-7.0.62
Dec 09, 2022 1:47:52 PM org.apache.catalina.startup.VersionLoggerListener log
INFO: CATALINA_HOME:         /home/ngochuy/storage/Exercise/ExerciseJaVaEE/apache-tomcat-7.0.62
Dec 09, 2022 1:47:52 PM org.apache.catalina.startup.VersionLoggerListener log
INFO: Command line argument: -Djava.util.logging.config.file=/home/ngochuy/storage/Exercise/ExerciseJaVaEE/apache-tomcat-7.0.62/conf/logging.properties
Dec 09, 2022 1:47:52 PM org.apache.catalina.startup.VersionLoggerListener log
INFO: Command line argument: -Djava.util.logging.manager=org.apache.juli.ClassLoaderLogManager
Dec 09, 2022 1:47:52 PM org.apache.catalina.startup.VersionLoggerListener log
INFO: Command line argument: -Xms1536m
Dec 09, 2022 1:47:52 PM org.apache.catalina.startup.VersionLoggerListener log
INFO: Command line argument: -Xmx4096m
Dec 09, 2022 1:47:52 PM org.apache.catalina.startup.VersionLoggerListener log
INFO: Command line argument: -XX:PermSize=256m
Dec 09, 2022 1:47:52 PM org.apache.catalina.startup.VersionLoggerListener log
INFO: Command line argument: -XX:MaxPermSize=512m
Dec 09, 2022 1:47:52 PM org.apache.catalina.startup.VersionLoggerListener log
INFO: Command line argument: -XX:+DisableExplicitGC
Dec 09, 2022 1:47:52 PM org.apache.catalina.startup.VersionLoggerListener log
INFO: Command line argument: -Dfile.encoding=utf-8
Dec 09, 2022 1:47:52 PM org.apache.catalina.startup.VersionLoggerListener log
INFO: Command line argument: -Xverify:none
Dec 09, 2022 1:47:52 PM org.apache.catalina.startup.VersionLoggerListener log
INFO: Command line argument: -Dlog4j1.compatibility=true
Dec 09, 2022 1:47:52 PM org.apache.catalina.startup.VersionLoggerListener log
INFO: Command line argument: -Djava.endorsed.dirs=/home/ngochuy/storage/Exercise/ExerciseJaVaEE/apache-tomcat-7.0.62/endorsed
Dec 09, 2022 1:47:52 PM org.apache.catalina.startup.VersionLoggerListener log
INFO: Command line argument: -Dcatalina.base=/home/ngochuy/storage/Exercise/ExerciseJaVaEE/apache-tomcat-7.0.62
Dec 09, 2022 1:47:52 PM org.apache.catalina.startup.VersionLoggerListener log
INFO: Command line argument: -Dcatalina.home=/home/ngochuy/storage/Exercise/ExerciseJaVaEE/apache-tomcat-7.0.62
Dec 09, 2022 1:47:52 PM org.apache.catalina.startup.VersionLoggerListener log
INFO: Command line argument: -Djava.io.tmpdir=/home/ngochuy/storage/Exercise/ExerciseJaVaEE/apache-tomcat-7.0.62/temp
Dec 09, 2022 1:47:52 PM org.apache.catalina.core.AprLifecycleListener lifecycleEvent
INFO: The APR based Apache Tomcat Native library which allows optimal performance in production environments was not found on the java.library.path: /usr/java/packages/lib/amd64:/usr/lib64:/lib64:/lib:/usr/lib
Dec 09, 2022 1:47:52 PM org.apache.coyote.AbstractProtocol init
INFO: Initializing ProtocolHandler ["http-bio-8080"]
Dec 09, 2022 1:47:52 PM org.apache.coyote.AbstractProtocol init
INFO: Initializing ProtocolHandler ["ajp-bio-8009"]
Dec 09, 2022 1:47:52 PM org.apache.catalina.startup.Catalina load
INFO: Initialization processed in 373 ms
Dec 09, 2022 1:47:52 PM org.apache.catalina.core.StandardService startInternal
INFO: Starting service Catalina
Dec 09, 2022 1:47:52 PM org.apache.catalina.core.StandardEngine startInternal
INFO: Starting Servlet Engine: Apache Tomcat/7.0.62
Dec 09, 2022 1:47:52 PM org.apache.catalina.startup.HostConfig deployDescriptor
INFO: Deploying configuration descriptor /home/ngochuy/storage/Exercise/ExerciseJaVaEE/apache-tomcat-7.0.62/conf/Catalina/localhost/ROOT.xml
Dec 09, 2022 1:47:52 PM org.apache.catalina.core.StandardContext setPath
WARNING: A context path must either be an empty string or start with a '/' and do not end with a '/'. The path [/] does not meet these criteria and has been changed to []
Dec 09, 2022 1:47:52 PM org.apache.catalina.startup.HostConfig deployDescriptor
INFO: Deployment of configuration descriptor /home/ngochuy/storage/Exercise/ExerciseJaVaEE/apache-tomcat-7.0.62/conf/Catalina/localhost/ROOT.xml has finished in 196 ms
Dec 09, 2022 1:47:52 PM org.apache.catalina.startup.HostConfig deployDescriptor
INFO: Deploying configuration descriptor /home/ngochuy/storage/Exercise/ExerciseJaVaEE/apache-tomcat-7.0.62/conf/Catalina/localhost/patient1.xml
Dec 09, 2022 1:47:52 PM org.apache.catalina.core.StandardContext setPath
WARNING: A context path must either be an empty string or start with a '/' and do not end with a '/'. The path [/] does not meet these criteria and has been changed to []
Dec 09, 2022 1:47:52 PM org.apache.catalina.core.StandardContext resourcesStart
SEVERE: Error starting static Resources
java.lang.IllegalArgumentException: Document base /data/Training/Training/Java/JavaEE/PatientManagementProject/source/PatientManagement/WebContent does not exist or is not a readable directory
	at org.apache.naming.resources.FileDirContext.setDocBase(FileDirContext.java:136)
	at org.apache.catalina.core.StandardContext.resourcesStart(StandardContext.java:5145)
	at org.apache.catalina.core.StandardContext.startInternal(StandardContext.java:5330)
	at org.apache.catalina.util.LifecycleBase.start(LifecycleBase.java:150)
	at org.apache.catalina.core.ContainerBase.addChildInternal(ContainerBase.java:901)
	at org.apache.catalina.core.ContainerBase.addChild(ContainerBase.java:877)
	at org.apache.catalina.core.StandardHost.addChild(StandardHost.java:652)
	at org.apache.catalina.startup.HostConfig.deployDescriptor(HostConfig.java:677)
	at org.apache.catalina.startup.HostConfig$DeployDescriptor.run(HostConfig.java:1912)
	at java.util.concurrent.Executors$RunnableAdapter.call(Executors.java:511)
	at java.util.concurrent.FutureTask.run(FutureTask.java:266)
	at java.util.concurrent.ThreadPoolExecutor.runWorker(ThreadPoolExecutor.java:1149)
	at java.util.concurrent.ThreadPoolExecutor$Worker.run(ThreadPoolExecutor.java:624)
	at java.lang.Thread.run(Thread.java:748)

Dec 09, 2022 1:47:52 PM org.apache.catalina.core.ContainerBase addChildInternal
SEVERE: ContainerBase.addChild: start: 
org.apache.catalina.LifecycleException: Failed to start component [StandardEngine[Catalina].StandardHost[localhost].StandardContext[/patient1]]
	at org.apache.catalina.util.LifecycleBase.start(LifecycleBase.java:154)
	at org.apache.catalina.core.ContainerBase.addChildInternal(ContainerBase.java:901)
	at org.apache.catalina.core.ContainerBase.addChild(ContainerBase.java:877)
	at org.apache.catalina.core.StandardHost.addChild(StandardHost.java:652)
	at org.apache.catalina.startup.HostConfig.deployDescriptor(HostConfig.java:677)
	at org.apache.catalina.startup.HostConfig$DeployDescriptor.run(HostConfig.java:1912)
	at java.util.concurrent.Executors$RunnableAdapter.call(Executors.java:511)
	at java.util.concurrent.FutureTask.run(FutureTask.java:266)
	at java.util.concurrent.ThreadPoolExecutor.runWorker(ThreadPoolExecutor.java:1149)
	at java.util.concurrent.ThreadPoolExecutor$Worker.run(ThreadPoolExecutor.java:624)
	at java.lang.Thread.run(Thread.java:748)
Caused by: org.apache.catalina.LifecycleException: Error in resourceStart()
	at org.apache.catalina.core.StandardContext.startInternal(StandardContext.java:5331)
	at org.apache.catalina.util.LifecycleBase.start(LifecycleBase.java:150)
	... 10 more

Dec 09, 2022 1:47:52 PM org.apache.catalina.startup.HostConfig deployDescriptor
SEVERE: Error deploying configuration descriptor /home/ngochuy/storage/Exercise/ExerciseJaVaEE/apache-tomcat-7.0.62/conf/Catalina/localhost/patient1.xml
java.lang.IllegalStateException: ContainerBase.addChild: start: org.apache.catalina.LifecycleException: Failed to start component [StandardEngine[Catalina].StandardHost[localhost].StandardContext[/patient1]]
	at org.apache.catalina.core.ContainerBase.addChildInternal(ContainerBase.java:904)
	at org.apache.catalina.core.ContainerBase.addChild(ContainerBase.java:877)
	at org.apache.catalina.core.StandardHost.addChild(StandardHost.java:652)
	at org.apache.catalina.startup.HostConfig.deployDescriptor(HostConfig.java:677)
	at org.apache.catalina.startup.HostConfig$DeployDescriptor.run(HostConfig.java:1912)
	at java.util.concurrent.Executors$RunnableAdapter.call(Executors.java:511)
	at java.util.concurrent.FutureTask.run(FutureTask.java:266)
	at java.util.concurrent.ThreadPoolExecutor.runWorker(ThreadPoolExecutor.java:1149)
	at java.util.concurrent.ThreadPoolExecutor$Worker.run(ThreadPoolExecutor.java:624)
	at java.lang.Thread.run(Thread.java:748)

Dec 09, 2022 1:47:52 PM org.apache.catalina.startup.HostConfig deployDescriptor
INFO: Deployment of configuration descriptor /home/ngochuy/storage/Exercise/ExerciseJaVaEE/apache-tomcat-7.0.62/conf/Catalina/localhost/patient1.xml has finished in 10 ms
Dec 09, 2022 1:47:52 PM org.apache.catalina.startup.HostConfig deployDirectory
INFO: Deploying web application directory /home/ngochuy/storage/Exercise/ExerciseJaVaEE/apache-tomcat-7.0.62/webapps/docs
Dec 09, 2022 1:47:52 PM org.apache.catalina.startup.HostConfig deployDirectory
INFO: Deployment of web application directory /home/ngochuy/storage/Exercise/ExerciseJaVaEE/apache-tomcat-7.0.62/webapps/docs has finished in 44 ms
Dec 09, 2022 1:47:52 PM org.apache.catalina.startup.HostConfig deployDirectory
INFO: Deploying web application directory /home/ngochuy/storage/Exercise/ExerciseJaVaEE/apache-tomcat-7.0.62/webapps/examples
Dec 09, 2022 1:47:52 PM org.apache.catalina.core.StandardContext startInternal
SEVERE: One or more listeners failed to start. Full details will be found in the appropriate container log file
Dec 09, 2022 1:47:52 PM org.apache.catalina.core.StandardContext startInternal
SEVERE: Context [/examples] startup failed due to previous errors
Dec 09, 2022 1:47:52 PM org.apache.catalina.startup.HostConfig deployDirectory
INFO: Deployment of web application directory /home/ngochuy/storage/Exercise/ExerciseJaVaEE/apache-tomcat-7.0.62/webapps/examples has finished in 145 ms
Dec 09, 2022 1:47:52 PM org.apache.catalina.startup.HostConfig deployDirectory
INFO: Deploying web application directory /home/ngochuy/storage/Exercise/ExerciseJaVaEE/apache-tomcat-7.0.62/webapps/manager
Dec 09, 2022 1:47:53 PM org.apache.catalina.startup.HostConfig deployDirectory
INFO: Deployment of web application directory /home/ngochuy/storage/Exercise/ExerciseJaVaEE/apache-tomcat-7.0.62/webapps/manager has finished in 43 ms
Dec 09, 2022 1:47:53 PM org.apache.catalina.startup.HostConfig deployDirectory
INFO: Deploying web application directory /home/ngochuy/storage/Exercise/ExerciseJaVaEE/apache-tomcat-7.0.62/webapps/host-manager
Dec 09, 2022 1:47:53 PM org.apache.catalina.startup.HostConfig deployDirectory
INFO: Deployment of web application directory /home/ngochuy/storage/Exercise/ExerciseJaVaEE/apache-tomcat-7.0.62/webapps/host-manager has finished in 36 ms
Dec 09, 2022 1:47:53 PM org.apache.coyote.AbstractProtocol start
INFO: Starting ProtocolHandler ["http-bio-8080"]
Dec 09, 2022 1:47:53 PM org.apache.coyote.AbstractProtocol start
INFO: Starting ProtocolHandler ["ajp-bio-8009"]
Dec 09, 2022 1:47:53 PM org.apache.catalina.startup.Catalina start
INFO: Server startup in 524 ms
Dec 09, 2022 1:51:28 PM org.apache.coyote.AbstractProtocol pause
INFO: Pausing ProtocolHandler ["http-bio-8080"]
Dec 09, 2022 1:51:28 PM org.apache.coyote.AbstractProtocol pause
INFO: Pausing ProtocolHandler ["ajp-bio-8009"]
Dec 09, 2022 1:51:28 PM org.apache.catalina.core.StandardService stopInternal
INFO: Stopping service Catalina
Dec 09, 2022 1:51:28 PM org.apache.coyote.AbstractProtocol stop
INFO: Stopping ProtocolHandler ["http-bio-8080"]
Dec 09, 2022 1:51:28 PM org.apache.coyote.AbstractProtocol stop
INFO: Stopping ProtocolHandler ["ajp-bio-8009"]
Dec 09, 2022 1:51:28 PM org.apache.coyote.AbstractProtocol destroy
INFO: Destroying ProtocolHandler ["http-bio-8080"]
Dec 09, 2022 1:51:28 PM org.apache.coyote.AbstractProtocol destroy
INFO: Destroying ProtocolHandler ["ajp-bio-8009"]
Dec 09, 2022 1:51:31 PM org.apache.catalina.startup.VersionLoggerListener log
INFO: Server version:        Apache Tomcat/7.0.62
Dec 09, 2022 1:51:31 PM org.apache.catalina.startup.VersionLoggerListener log
INFO: Server built:          May 7 2015 17:14:55 UTC
Dec 09, 2022 1:51:31 PM org.apache.catalina.startup.VersionLoggerListener log
INFO: Server number:         7.0.62.0
Dec 09, 2022 1:51:31 PM org.apache.catalina.startup.VersionLoggerListener log
INFO: OS Name:               Linux
Dec 09, 2022 1:51:31 PM org.apache.catalina.startup.VersionLoggerListener log
INFO: OS Version:            6.0.10-200.fc36.x86_64
Dec 09, 2022 1:51:31 PM org.apache.catalina.startup.VersionLoggerListener log
INFO: Architecture:          amd64
Dec 09, 2022 1:51:31 PM org.apache.catalina.startup.VersionLoggerListener log
INFO: Java Home:             /home/ngochuy/storage/Exercise/ExerciseJaVaEE/jdk1.8.0_281/jre
Dec 09, 2022 1:51:31 PM org.apache.catalina.startup.VersionLoggerListener log
INFO: JVM Version:           1.8.0_281-b09
Dec 09, 2022 1:51:31 PM org.apache.catalina.startup.VersionLoggerListener log
INFO: JVM Vendor:            Oracle Corporation
Dec 09, 2022 1:51:31 PM org.apache.catalina.startup.VersionLoggerListener log
INFO: CATALINA_BASE:         /home/ngochuy/storage/Exercise/ExerciseJaVaEE/apache-tomcat-7.0.62
Dec 09, 2022 1:51:31 PM org.apache.catalina.startup.VersionLoggerListener log
INFO: CATALINA_HOME:         /home/ngochuy/storage/Exercise/ExerciseJaVaEE/apache-tomcat-7.0.62
Dec 09, 2022 1:51:31 PM org.apache.catalina.startup.VersionLoggerListener log
INFO: Command line argument: -Djava.util.logging.config.file=/home/ngochuy/storage/Exercise/ExerciseJaVaEE/apache-tomcat-7.0.62/conf/logging.properties
Dec 09, 2022 1:51:31 PM org.apache.catalina.startup.VersionLoggerListener log
INFO: Command line argument: -Djava.util.logging.manager=org.apache.juli.ClassLoaderLogManager
Dec 09, 2022 1:51:31 PM org.apache.catalina.startup.VersionLoggerListener log
INFO: Command line argument: -Xms1536m
Dec 09, 2022 1:51:31 PM org.apache.catalina.startup.VersionLoggerListener log
INFO: Command line argument: -Xmx4096m
Dec 09, 2022 1:51:31 PM org.apache.catalina.startup.VersionLoggerListener log
INFO: Command line argument: -XX:PermSize=256m
Dec 09, 2022 1:51:31 PM org.apache.catalina.startup.VersionLoggerListener log
INFO: Command line argument: -XX:MaxPermSize=512m
Dec 09, 2022 1:51:31 PM org.apache.catalina.startup.VersionLoggerListener log
INFO: Command line argument: -XX:+DisableExplicitGC
Dec 09, 2022 1:51:31 PM org.apache.catalina.startup.VersionLoggerListener log
INFO: Command line argument: -Dfile.encoding=utf-8
Dec 09, 2022 1:51:31 PM org.apache.catalina.startup.VersionLoggerListener log
INFO: Command line argument: -Xverify:none
Dec 09, 2022 1:51:31 PM org.apache.catalina.startup.VersionLoggerListener log
INFO: Command line argument: -Dlog4j1.compatibility=true
Dec 09, 2022 1:51:31 PM org.apache.catalina.startup.VersionLoggerListener log
INFO: Command line argument: -Djava.endorsed.dirs=/home/ngochuy/storage/Exercise/ExerciseJaVaEE/apache-tomcat-7.0.62/endorsed
Dec 09, 2022 1:51:31 PM org.apache.catalina.startup.VersionLoggerListener log
INFO: Command line argument: -Dcatalina.base=/home/ngochuy/storage/Exercise/ExerciseJaVaEE/apache-tomcat-7.0.62
Dec 09, 2022 1:51:31 PM org.apache.catalina.startup.VersionLoggerListener log
INFO: Command line argument: -Dcatalina.home=/home/ngochuy/storage/Exercise/ExerciseJaVaEE/apache-tomcat-7.0.62
Dec 09, 2022 1:51:31 PM org.apache.catalina.startup.VersionLoggerListener log
INFO: Command line argument: -Djava.io.tmpdir=/home/ngochuy/storage/Exercise/ExerciseJaVaEE/apache-tomcat-7.0.62/temp
Dec 09, 2022 1:51:31 PM org.apache.catalina.core.AprLifecycleListener lifecycleEvent
INFO: The APR based Apache Tomcat Native library which allows optimal performance in production environments was not found on the java.library.path: /usr/java/packages/lib/amd64:/usr/lib64:/lib64:/lib:/usr/lib
Dec 09, 2022 1:51:31 PM org.apache.coyote.AbstractProtocol init
INFO: Initializing ProtocolHandler ["http-bio-8080"]
Dec 09, 2022 1:51:31 PM org.apache.coyote.AbstractProtocol init
INFO: Initializing ProtocolHandler ["ajp-bio-8009"]
Dec 09, 2022 1:51:31 PM org.apache.catalina.startup.Catalina load
INFO: Initialization processed in 343 ms
Dec 09, 2022 1:51:31 PM org.apache.catalina.core.StandardService startInternal
INFO: Starting service Catalina
Dec 09, 2022 1:51:31 PM org.apache.catalina.core.StandardEngine startInternal
INFO: Starting Servlet Engine: Apache Tomcat/7.0.62
Dec 09, 2022 1:51:32 PM org.apache.catalina.startup.HostConfig deployDescriptor
INFO: Deploying configuration descriptor /home/ngochuy/storage/Exercise/ExerciseJaVaEE/apache-tomcat-7.0.62/conf/Catalina/localhost/ROOT.xml
Dec 09, 2022 1:51:32 PM org.apache.catalina.core.StandardContext setPath
WARNING: A context path must either be an empty string or start with a '/' and do not end with a '/'. The path [/] does not meet these criteria and has been changed to []
Dec 09, 2022 1:51:32 PM org.apache.catalina.startup.HostConfig deployDescriptor
INFO: Deployment of configuration descriptor /home/ngochuy/storage/Exercise/ExerciseJaVaEE/apache-tomcat-7.0.62/conf/Catalina/localhost/ROOT.xml has finished in 267 ms
Dec 09, 2022 1:51:32 PM org.apache.catalina.startup.HostConfig deployDescriptor
INFO: Deploying configuration descriptor /home/ngochuy/storage/Exercise/ExerciseJaVaEE/apache-tomcat-7.0.62/conf/Catalina/localhost/patient1.xml
Dec 09, 2022 1:51:32 PM org.apache.catalina.core.StandardContext setPath
WARNING: A context path must either be an empty string or start with a '/' and do not end with a '/'. The path [/] does not meet these criteria and has been changed to []
Dec 09, 2022 1:51:32 PM org.apache.catalina.core.StandardContext resourcesStart
SEVERE: Error starting static Resources
java.lang.IllegalArgumentException: Document base /data/Training/Training/Java/JavaEE/PatientManagementProject/source/PatientManagement/WebContent does not exist or is not a readable directory
	at org.apache.naming.resources.FileDirContext.setDocBase(FileDirContext.java:136)
	at org.apache.catalina.core.StandardContext.resourcesStart(StandardContext.java:5145)
	at org.apache.catalina.core.StandardContext.startInternal(StandardContext.java:5330)
	at org.apache.catalina.util.LifecycleBase.start(LifecycleBase.java:150)
	at org.apache.catalina.core.ContainerBase.addChildInternal(ContainerBase.java:901)
	at org.apache.catalina.core.ContainerBase.addChild(ContainerBase.java:877)
	at org.apache.catalina.core.StandardHost.addChild(StandardHost.java:652)
	at org.apache.catalina.startup.HostConfig.deployDescriptor(HostConfig.java:677)
	at org.apache.catalina.startup.HostConfig$DeployDescriptor.run(HostConfig.java:1912)
	at java.util.concurrent.Executors$RunnableAdapter.call(Executors.java:511)
	at java.util.concurrent.FutureTask.run(FutureTask.java:266)
	at java.util.concurrent.ThreadPoolExecutor.runWorker(ThreadPoolExecutor.java:1149)
	at java.util.concurrent.ThreadPoolExecutor$Worker.run(ThreadPoolExecutor.java:624)
	at java.lang.Thread.run(Thread.java:748)

Dec 09, 2022 1:51:32 PM org.apache.catalina.core.ContainerBase addChildInternal
SEVERE: ContainerBase.addChild: start: 
org.apache.catalina.LifecycleException: Failed to start component [StandardEngine[Catalina].StandardHost[localhost].StandardContext[/patient1]]
	at org.apache.catalina.util.LifecycleBase.start(LifecycleBase.java:154)
	at org.apache.catalina.core.ContainerBase.addChildInternal(ContainerBase.java:901)
	at org.apache.catalina.core.ContainerBase.addChild(ContainerBase.java:877)
	at org.apache.catalina.core.StandardHost.addChild(StandardHost.java:652)
	at org.apache.catalina.startup.HostConfig.deployDescriptor(HostConfig.java:677)
	at org.apache.catalina.startup.HostConfig$DeployDescriptor.run(HostConfig.java:1912)
	at java.util.concurrent.Executors$RunnableAdapter.call(Executors.java:511)
	at java.util.concurrent.FutureTask.run(FutureTask.java:266)
	at java.util.concurrent.ThreadPoolExecutor.runWorker(ThreadPoolExecutor.java:1149)
	at java.util.concurrent.ThreadPoolExecutor$Worker.run(ThreadPoolExecutor.java:624)
	at java.lang.Thread.run(Thread.java:748)
Caused by: org.apache.catalina.LifecycleException: Error in resourceStart()
	at org.apache.catalina.core.StandardContext.startInternal(StandardContext.java:5331)
	at org.apache.catalina.util.LifecycleBase.start(LifecycleBase.java:150)
	... 10 more

Dec 09, 2022 1:51:32 PM org.apache.catalina.startup.HostConfig deployDescriptor
SEVERE: Error deploying configuration descriptor /home/ngochuy/storage/Exercise/ExerciseJaVaEE/apache-tomcat-7.0.62/conf/Catalina/localhost/patient1.xml
java.lang.IllegalStateException: ContainerBase.addChild: start: org.apache.catalina.LifecycleException: Failed to start component [StandardEngine[Catalina].StandardHost[localhost].StandardContext[/patient1]]
	at org.apache.catalina.core.ContainerBase.addChildInternal(ContainerBase.java:904)
	at org.apache.catalina.core.ContainerBase.addChild(ContainerBase.java:877)
	at org.apache.catalina.core.StandardHost.addChild(StandardHost.java:652)
	at org.apache.catalina.startup.HostConfig.deployDescriptor(HostConfig.java:677)
	at org.apache.catalina.startup.HostConfig$DeployDescriptor.run(HostConfig.java:1912)
	at java.util.concurrent.Executors$RunnableAdapter.call(Executors.java:511)
	at java.util.concurrent.FutureTask.run(FutureTask.java:266)
	at java.util.concurrent.ThreadPoolExecutor.runWorker(ThreadPoolExecutor.java:1149)
	at java.util.concurrent.ThreadPoolExecutor$Worker.run(ThreadPoolExecutor.java:624)
	at java.lang.Thread.run(Thread.java:748)

Dec 09, 2022 1:51:32 PM org.apache.catalina.startup.HostConfig deployDescriptor
INFO: Deployment of configuration descriptor /home/ngochuy/storage/Exercise/ExerciseJaVaEE/apache-tomcat-7.0.62/conf/Catalina/localhost/patient1.xml has finished in 13 ms
Dec 09, 2022 1:51:32 PM org.apache.catalina.startup.HostConfig deployDirectory
INFO: Deploying web application directory /home/ngochuy/storage/Exercise/ExerciseJaVaEE/apache-tomcat-7.0.62/webapps/docs
Dec 09, 2022 1:51:32 PM org.apache.catalina.startup.HostConfig deployDirectory
INFO: Deployment of web application directory /home/ngochuy/storage/Exercise/ExerciseJaVaEE/apache-tomcat-7.0.62/webapps/docs has finished in 66 ms
Dec 09, 2022 1:51:32 PM org.apache.catalina.startup.HostConfig deployDirectory
INFO: Deploying web application directory /home/ngochuy/storage/Exercise/ExerciseJaVaEE/apache-tomcat-7.0.62/webapps/examples
Dec 09, 2022 1:51:32 PM org.apache.catalina.core.StandardContext startInternal
SEVERE: One or more listeners failed to start. Full details will be found in the appropriate container log file
Dec 09, 2022 1:51:32 PM org.apache.catalina.core.StandardContext startInternal
SEVERE: Context [/examples] startup failed due to previous errors
Dec 09, 2022 1:51:32 PM org.apache.catalina.startup.HostConfig deployDirectory
INFO: Deployment of web application directory /home/ngochuy/storage/Exercise/ExerciseJaVaEE/apache-tomcat-7.0.62/webapps/examples has finished in 191 ms
Dec 09, 2022 1:51:32 PM org.apache.catalina.startup.HostConfig deployDirectory
INFO: Deploying web application directory /home/ngochuy/storage/Exercise/ExerciseJaVaEE/apache-tomcat-7.0.62/webapps/manager
Dec 09, 2022 1:51:32 PM org.apache.catalina.startup.HostConfig deployDirectory
INFO: Deployment of web application directory /home/ngochuy/storage/Exercise/ExerciseJaVaEE/apache-tomcat-7.0.62/webapps/manager has finished in 51 ms
Dec 09, 2022 1:51:32 PM org.apache.catalina.startup.HostConfig deployDirectory
INFO: Deploying web application directory /home/ngochuy/storage/Exercise/ExerciseJaVaEE/apache-tomcat-7.0.62/webapps/host-manager
Dec 09, 2022 1:51:32 PM org.apache.catalina.startup.HostConfig deployDirectory
INFO: Deployment of web application directory /home/ngochuy/storage/Exercise/ExerciseJaVaEE/apache-tomcat-7.0.62/webapps/host-manager has finished in 40 ms
Dec 09, 2022 1:51:32 PM org.apache.coyote.AbstractProtocol start
INFO: Starting ProtocolHandler ["http-bio-8080"]
Dec 09, 2022 1:51:32 PM org.apache.coyote.AbstractProtocol start
INFO: Starting ProtocolHandler ["ajp-bio-8009"]
Dec 09, 2022 1:51:32 PM org.apache.catalina.startup.Catalina start
INFO: Server startup in 674 ms
Dec 09, 2022 1:51:42 PM org.apache.coyote.AbstractProtocol pause
INFO: Pausing ProtocolHandler ["http-bio-8080"]
Dec 09, 2022 1:51:42 PM org.apache.coyote.AbstractProtocol pause
INFO: Pausing ProtocolHandler ["ajp-bio-8009"]
Dec 09, 2022 1:51:42 PM org.apache.catalina.core.StandardService stopInternal
INFO: Stopping service Catalina
Dec 09, 2022 1:51:42 PM org.apache.coyote.AbstractProtocol stop
INFO: Stopping ProtocolHandler ["http-bio-8080"]
Dec 09, 2022 1:51:42 PM org.apache.coyote.AbstractProtocol stop
INFO: Stopping ProtocolHandler ["ajp-bio-8009"]
Dec 09, 2022 1:51:42 PM org.apache.coyote.AbstractProtocol destroy
INFO: Destroying ProtocolHandler ["http-bio-8080"]
Dec 09, 2022 1:51:42 PM org.apache.coyote.AbstractProtocol destroy
INFO: Destroying ProtocolHandler ["ajp-bio-8009"]
Dec 09, 2022 1:52:53 PM org.apache.catalina.startup.VersionLoggerListener log
INFO: Server version:        Apache Tomcat/7.0.62
Dec 09, 2022 1:52:53 PM org.apache.catalina.startup.VersionLoggerListener log
INFO: Server built:          May 7 2015 17:14:55 UTC
Dec 09, 2022 1:52:53 PM org.apache.catalina.startup.VersionLoggerListener log
INFO: Server number:         7.0.62.0
Dec 09, 2022 1:52:53 PM org.apache.catalina.startup.VersionLoggerListener log
INFO: OS Name:               Linux
Dec 09, 2022 1:52:53 PM org.apache.catalina.startup.VersionLoggerListener log
INFO: OS Version:            6.0.10-200.fc36.x86_64
Dec 09, 2022 1:52:53 PM org.apache.catalina.startup.VersionLoggerListener log
INFO: Architecture:          amd64
Dec 09, 2022 1:52:53 PM org.apache.catalina.startup.VersionLoggerListener log
INFO: Java Home:             /home/ngochuy/storage/Exercise/ExerciseJaVaEE/jdk1.8.0_281/jre
Dec 09, 2022 1:52:53 PM org.apache.catalina.startup.VersionLoggerListener log
INFO: JVM Version:           1.8.0_281-b09
Dec 09, 2022 1:52:53 PM org.apache.catalina.startup.VersionLoggerListener log
INFO: JVM Vendor:            Oracle Corporation
Dec 09, 2022 1:52:53 PM org.apache.catalina.startup.VersionLoggerListener log
INFO: CATALINA_BASE:         /home/ngochuy/storage/Exercise/ExerciseJaVaEE/apache-tomcat-7.0.62
Dec 09, 2022 1:52:53 PM org.apache.catalina.startup.VersionLoggerListener log
INFO: CATALINA_HOME:         /home/ngochuy/storage/Exercise/ExerciseJaVaEE/apache-tomcat-7.0.62
Dec 09, 2022 1:52:53 PM org.apache.catalina.startup.VersionLoggerListener log
INFO: Command line argument: -Djava.util.logging.config.file=/home/ngochuy/storage/Exercise/ExerciseJaVaEE/apache-tomcat-7.0.62/conf/logging.properties
Dec 09, 2022 1:52:53 PM org.apache.catalina.startup.VersionLoggerListener log
INFO: Command line argument: -Djava.util.logging.manager=org.apache.juli.ClassLoaderLogManager
Dec 09, 2022 1:52:53 PM org.apache.catalina.startup.VersionLoggerListener log
INFO: Command line argument: -Xms1536m
Dec 09, 2022 1:52:53 PM org.apache.catalina.startup.VersionLoggerListener log
INFO: Command line argument: -Xmx4096m
Dec 09, 2022 1:52:53 PM org.apache.catalina.startup.VersionLoggerListener log
INFO: Command line argument: -XX:PermSize=256m
Dec 09, 2022 1:52:53 PM org.apache.catalina.startup.VersionLoggerListener log
INFO: Command line argument: -XX:MaxPermSize=512m
Dec 09, 2022 1:52:53 PM org.apache.catalina.startup.VersionLoggerListener log
INFO: Command line argument: -XX:+DisableExplicitGC
Dec 09, 2022 1:52:53 PM org.apache.catalina.startup.VersionLoggerListener log
INFO: Command line argument: -Dfile.encoding=utf-8
Dec 09, 2022 1:52:53 PM org.apache.catalina.startup.VersionLoggerListener log
INFO: Command line argument: -Xverify:none
Dec 09, 2022 1:52:53 PM org.apache.catalina.startup.VersionLoggerListener log
INFO: Command line argument: -Dlog4j1.compatibility=true
Dec 09, 2022 1:52:53 PM org.apache.catalina.startup.VersionLoggerListener log
INFO: Command line argument: -Djava.endorsed.dirs=/home/ngochuy/storage/Exercise/ExerciseJaVaEE/apache-tomcat-7.0.62/endorsed
Dec 09, 2022 1:52:53 PM org.apache.catalina.startup.VersionLoggerListener log
INFO: Command line argument: -Dcatalina.base=/home/ngochuy/storage/Exercise/ExerciseJaVaEE/apache-tomcat-7.0.62
Dec 09, 2022 1:52:53 PM org.apache.catalina.startup.VersionLoggerListener log
INFO: Command line argument: -Dcatalina.home=/home/ngochuy/storage/Exercise/ExerciseJaVaEE/apache-tomcat-7.0.62
Dec 09, 2022 1:52:53 PM org.apache.catalina.startup.VersionLoggerListener log
INFO: Command line argument: -Djava.io.tmpdir=/home/ngochuy/storage/Exercise/ExerciseJaVaEE/apache-tomcat-7.0.62/temp
Dec 09, 2022 1:52:53 PM org.apache.catalina.core.AprLifecycleListener lifecycleEvent
INFO: The APR based Apache Tomcat Native library which allows optimal performance in production environments was not found on the java.library.path: /usr/java/packages/lib/amd64:/usr/lib64:/lib64:/lib:/usr/lib
Dec 09, 2022 1:52:53 PM org.apache.coyote.AbstractProtocol init
INFO: Initializing ProtocolHandler ["http-bio-8080"]
Dec 09, 2022 1:52:53 PM org.apache.coyote.AbstractProtocol init
INFO: Initializing ProtocolHandler ["ajp-bio-8009"]
Dec 09, 2022 1:52:53 PM org.apache.catalina.startup.Catalina load
INFO: Initialization processed in 347 ms
Dec 09, 2022 1:52:53 PM org.apache.catalina.core.StandardService startInternal
INFO: Starting service Catalina
Dec 09, 2022 1:52:53 PM org.apache.catalina.core.StandardEngine startInternal
INFO: Starting Servlet Engine: Apache Tomcat/7.0.62
Dec 09, 2022 1:52:53 PM org.apache.catalina.startup.HostConfig deployDescriptor
INFO: Deploying configuration descriptor /home/ngochuy/storage/Exercise/ExerciseJaVaEE/apache-tomcat-7.0.62/conf/Catalina/localhost/ROOT.xml
Dec 09, 2022 1:52:53 PM org.apache.catalina.core.StandardContext setPath
WARNING: A context path must either be an empty string or start with a '/' and do not end with a '/'. The path [/] does not meet these criteria and has been changed to []
Dec 09, 2022 1:52:53 PM org.apache.catalina.startup.HostConfig deployDescriptor
INFO: Deployment of configuration descriptor /home/ngochuy/storage/Exercise/ExerciseJaVaEE/apache-tomcat-7.0.62/conf/Catalina/localhost/ROOT.xml has finished in 226 ms
Dec 09, 2022 1:52:53 PM org.apache.catalina.startup.HostConfig deployDescriptor
INFO: Deploying configuration descriptor /home/ngochuy/storage/Exercise/ExerciseJaVaEE/apache-tomcat-7.0.62/conf/Catalina/localhost/patient1.xml
Dec 09, 2022 1:52:53 PM org.apache.catalina.core.StandardContext setPath
WARNING: A context path must either be an empty string or start with a '/' and do not end with a '/'. The path [/] does not meet these criteria and has been changed to []
Dec 09, 2022 1:52:53 PM org.apache.catalina.core.StandardContext resourcesStart
SEVERE: Error starting static Resources
java.lang.IllegalArgumentException: Document base /data/Training/Training/Java/JavaEE/PatientManagementProject/source/PatientManagement/WebContent does not exist or is not a readable directory
	at org.apache.naming.resources.FileDirContext.setDocBase(FileDirContext.java:136)
	at org.apache.catalina.core.StandardContext.resourcesStart(StandardContext.java:5145)
	at org.apache.catalina.core.StandardContext.startInternal(StandardContext.java:5330)
	at org.apache.catalina.util.LifecycleBase.start(LifecycleBase.java:150)
	at org.apache.catalina.core.ContainerBase.addChildInternal(ContainerBase.java:901)
	at org.apache.catalina.core.ContainerBase.addChild(ContainerBase.java:877)
	at org.apache.catalina.core.StandardHost.addChild(StandardHost.java:652)
	at org.apache.catalina.startup.HostConfig.deployDescriptor(HostConfig.java:677)
	at org.apache.catalina.startup.HostConfig$DeployDescriptor.run(HostConfig.java:1912)
	at java.util.concurrent.Executors$RunnableAdapter.call(Executors.java:511)
	at java.util.concurrent.FutureTask.run(FutureTask.java:266)
	at java.util.concurrent.ThreadPoolExecutor.runWorker(ThreadPoolExecutor.java:1149)
	at java.util.concurrent.ThreadPoolExecutor$Worker.run(ThreadPoolExecutor.java:624)
	at java.lang.Thread.run(Thread.java:748)

Dec 09, 2022 1:52:53 PM org.apache.catalina.core.ContainerBase addChildInternal
SEVERE: ContainerBase.addChild: start: 
org.apache.catalina.LifecycleException: Failed to start component [StandardEngine[Catalina].StandardHost[localhost].StandardContext[/patient1]]
	at org.apache.catalina.util.LifecycleBase.start(LifecycleBase.java:154)
	at org.apache.catalina.core.ContainerBase.addChildInternal(ContainerBase.java:901)
	at org.apache.catalina.core.ContainerBase.addChild(ContainerBase.java:877)
	at org.apache.catalina.core.StandardHost.addChild(StandardHost.java:652)
	at org.apache.catalina.startup.HostConfig.deployDescriptor(HostConfig.java:677)
	at org.apache.catalina.startup.HostConfig$DeployDescriptor.run(HostConfig.java:1912)
	at java.util.concurrent.Executors$RunnableAdapter.call(Executors.java:511)
	at java.util.concurrent.FutureTask.run(FutureTask.java:266)
	at java.util.concurrent.ThreadPoolExecutor.runWorker(ThreadPoolExecutor.java:1149)
	at java.util.concurrent.ThreadPoolExecutor$Worker.run(ThreadPoolExecutor.java:624)
	at java.lang.Thread.run(Thread.java:748)
Caused by: org.apache.catalina.LifecycleException: Error in resourceStart()
	at org.apache.catalina.core.StandardContext.startInternal(StandardContext.java:5331)
	at org.apache.catalina.util.LifecycleBase.start(LifecycleBase.java:150)
	... 10 more

Dec 09, 2022 1:52:53 PM org.apache.catalina.startup.HostConfig deployDescriptor
SEVERE: Error deploying configuration descriptor /home/ngochuy/storage/Exercise/ExerciseJaVaEE/apache-tomcat-7.0.62/conf/Catalina/localhost/patient1.xml
java.lang.IllegalStateException: ContainerBase.addChild: start: org.apache.catalina.LifecycleException: Failed to start component [StandardEngine[Catalina].StandardHost[localhost].StandardContext[/patient1]]
	at org.apache.catalina.core.ContainerBase.addChildInternal(ContainerBase.java:904)
	at org.apache.catalina.core.ContainerBase.addChild(ContainerBase.java:877)
	at org.apache.catalina.core.StandardHost.addChild(StandardHost.java:652)
	at org.apache.catalina.startup.HostConfig.deployDescriptor(HostConfig.java:677)
	at org.apache.catalina.startup.HostConfig$DeployDescriptor.run(HostConfig.java:1912)
	at java.util.concurrent.Executors$RunnableAdapter.call(Executors.java:511)
	at java.util.concurrent.FutureTask.run(FutureTask.java:266)
	at java.util.concurrent.ThreadPoolExecutor.runWorker(ThreadPoolExecutor.java:1149)
	at java.util.concurrent.ThreadPoolExecutor$Worker.run(ThreadPoolExecutor.java:624)
	at java.lang.Thread.run(Thread.java:748)

Dec 09, 2022 1:52:53 PM org.apache.catalina.startup.HostConfig deployDescriptor
INFO: Deployment of configuration descriptor /home/ngochuy/storage/Exercise/ExerciseJaVaEE/apache-tomcat-7.0.62/conf/Catalina/localhost/patient1.xml has finished in 14 ms
Dec 09, 2022 1:52:53 PM org.apache.catalina.startup.HostConfig deployDirectory
INFO: Deploying web application directory /home/ngochuy/storage/Exercise/ExerciseJaVaEE/apache-tomcat-7.0.62/webapps/docs
Dec 09, 2022 1:52:53 PM org.apache.catalina.startup.HostConfig deployDirectory
INFO: Deployment of web application directory /home/ngochuy/storage/Exercise/ExerciseJaVaEE/apache-tomcat-7.0.62/webapps/docs has finished in 54 ms
Dec 09, 2022 1:52:53 PM org.apache.catalina.startup.HostConfig deployDirectory
INFO: Deploying web application directory /home/ngochuy/storage/Exercise/ExerciseJaVaEE/apache-tomcat-7.0.62/webapps/examples
Dec 09, 2022 1:52:53 PM org.apache.catalina.core.StandardContext startInternal
SEVERE: One or more listeners failed to start. Full details will be found in the appropriate container log file
Dec 09, 2022 1:52:53 PM org.apache.catalina.core.StandardContext startInternal
SEVERE: Context [/examples] startup failed due to previous errors
Dec 09, 2022 1:52:53 PM org.apache.catalina.startup.HostConfig deployDirectory
INFO: Deployment of web application directory /home/ngochuy/storage/Exercise/ExerciseJaVaEE/apache-tomcat-7.0.62/webapps/examples has finished in 179 ms
Dec 09, 2022 1:52:53 PM org.apache.catalina.startup.HostConfig deployDirectory
INFO: Deploying web application directory /home/ngochuy/storage/Exercise/ExerciseJaVaEE/apache-tomcat-7.0.62/webapps/manager
Dec 09, 2022 1:52:53 PM org.apache.catalina.startup.HostConfig deployDirectory
INFO: Deployment of web application directory /home/ngochuy/storage/Exercise/ExerciseJaVaEE/apache-tomcat-7.0.62/webapps/manager has finished in 56 ms
Dec 09, 2022 1:52:53 PM org.apache.catalina.startup.HostConfig deployDirectory
INFO: Deploying web application directory /home/ngochuy/storage/Exercise/ExerciseJaVaEE/apache-tomcat-7.0.62/webapps/host-manager
Dec 09, 2022 1:52:53 PM org.apache.catalina.startup.HostConfig deployDirectory
INFO: Deployment of web application directory /home/ngochuy/storage/Exercise/ExerciseJaVaEE/apache-tomcat-7.0.62/webapps/host-manager has finished in 42 ms
Dec 09, 2022 1:52:53 PM org.apache.coyote.AbstractProtocol start
INFO: Starting ProtocolHandler ["http-bio-8080"]
Dec 09, 2022 1:52:53 PM org.apache.coyote.AbstractProtocol start
INFO: Starting ProtocolHandler ["ajp-bio-8009"]
Dec 09, 2022 1:52:53 PM org.apache.catalina.startup.Catalina start
INFO: Server startup in 612 ms
Dec 09, 2022 1:59:53 PM org.apache.catalina.core.StandardContext reload
INFO: Reloading Context with name [] has started
Dec 09, 2022 1:59:53 PM org.apache.catalina.core.StandardContext reload
INFO: Reloading Context with name [] is completed
Dec 09, 2022 3:06:54 PM org.apache.coyote.AbstractProtocol pause
INFO: Pausing ProtocolHandler ["http-bio-8080"]
Dec 09, 2022 3:06:54 PM org.apache.coyote.AbstractProtocol pause
INFO: Pausing ProtocolHandler ["ajp-bio-8009"]
Dec 09, 2022 3:06:55 PM org.apache.catalina.core.StandardService stopInternal
INFO: Stopping service Catalina
Dec 09, 2022 3:06:55 PM org.apache.coyote.AbstractProtocol stop
INFO: Stopping ProtocolHandler ["http-bio-8080"]
Dec 09, 2022 3:06:55 PM org.apache.coyote.AbstractProtocol stop
INFO: Stopping ProtocolHandler ["ajp-bio-8009"]
Dec 09, 2022 3:06:55 PM org.apache.coyote.AbstractProtocol destroy
INFO: Destroying ProtocolHandler ["http-bio-8080"]
Dec 09, 2022 3:06:55 PM org.apache.coyote.AbstractProtocol destroy
INFO: Destroying ProtocolHandler ["ajp-bio-8009"]
Dec 09, 2022 3:06:57 PM org.apache.catalina.startup.VersionLoggerListener log
INFO: Server version:        Apache Tomcat/7.0.62
Dec 09, 2022 3:06:57 PM org.apache.catalina.startup.VersionLoggerListener log
INFO: Server built:          May 7 2015 17:14:55 UTC
Dec 09, 2022 3:06:57 PM org.apache.catalina.startup.VersionLoggerListener log
INFO: Server number:         7.0.62.0
Dec 09, 2022 3:06:57 PM org.apache.catalina.startup.VersionLoggerListener log
INFO: OS Name:               Linux
Dec 09, 2022 3:06:57 PM org.apache.catalina.startup.VersionLoggerListener log
INFO: OS Version:            6.0.10-200.fc36.x86_64
Dec 09, 2022 3:06:57 PM org.apache.catalina.startup.VersionLoggerListener log
INFO: Architecture:          amd64
Dec 09, 2022 3:06:57 PM org.apache.catalina.startup.VersionLoggerListener log
INFO: Java Home:             /home/ngochuy/storage/Exercise/ExerciseJaVaEE/jdk1.8.0_281/jre
Dec 09, 2022 3:06:57 PM org.apache.catalina.startup.VersionLoggerListener log
INFO: JVM Version:           1.8.0_281-b09
Dec 09, 2022 3:06:57 PM org.apache.catalina.startup.VersionLoggerListener log
INFO: JVM Vendor:            Oracle Corporation
Dec 09, 2022 3:06:57 PM org.apache.catalina.startup.VersionLoggerListener log
INFO: CATALINA_BASE:         /home/ngochuy/storage/Exercise/ExerciseJaVaEE/apache-tomcat-7.0.62
Dec 09, 2022 3:06:57 PM org.apache.catalina.startup.VersionLoggerListener log
INFO: CATALINA_HOME:         /home/ngochuy/storage/Exercise/ExerciseJaVaEE/apache-tomcat-7.0.62
Dec 09, 2022 3:06:57 PM org.apache.catalina.startup.VersionLoggerListener log
INFO: Command line argument: -Djava.util.logging.config.file=/home/ngochuy/storage/Exercise/ExerciseJaVaEE/apache-tomcat-7.0.62/conf/logging.properties
Dec 09, 2022 3:06:57 PM org.apache.catalina.startup.VersionLoggerListener log
INFO: Command line argument: -Djava.util.logging.manager=org.apache.juli.ClassLoaderLogManager
Dec 09, 2022 3:06:57 PM org.apache.catalina.startup.VersionLoggerListener log
INFO: Command line argument: -Xms1536m
Dec 09, 2022 3:06:57 PM org.apache.catalina.startup.VersionLoggerListener log
INFO: Command line argument: -Xmx4096m
Dec 09, 2022 3:06:57 PM org.apache.catalina.startup.VersionLoggerListener log
INFO: Command line argument: -XX:PermSize=256m
Dec 09, 2022 3:06:57 PM org.apache.catalina.startup.VersionLoggerListener log
INFO: Command line argument: -XX:MaxPermSize=512m
Dec 09, 2022 3:06:57 PM org.apache.catalina.startup.VersionLoggerListener log
INFO: Command line argument: -XX:+DisableExplicitGC
Dec 09, 2022 3:06:57 PM org.apache.catalina.startup.VersionLoggerListener log
INFO: Command line argument: -Dfile.encoding=utf-8
Dec 09, 2022 3:06:57 PM org.apache.catalina.startup.VersionLoggerListener log
INFO: Command line argument: -Xverify:none
Dec 09, 2022 3:06:57 PM org.apache.catalina.startup.VersionLoggerListener log
INFO: Command line argument: -Dlog4j1.compatibility=true
Dec 09, 2022 3:06:57 PM org.apache.catalina.startup.VersionLoggerListener log
INFO: Command line argument: -Djava.endorsed.dirs=/home/ngochuy/storage/Exercise/ExerciseJaVaEE/apache-tomcat-7.0.62/endorsed
Dec 09, 2022 3:06:57 PM org.apache.catalina.startup.VersionLoggerListener log
INFO: Command line argument: -Dcatalina.base=/home/ngochuy/storage/Exercise/ExerciseJaVaEE/apache-tomcat-7.0.62
Dec 09, 2022 3:06:57 PM org.apache.catalina.startup.VersionLoggerListener log
INFO: Command line argument: -Dcatalina.home=/home/ngochuy/storage/Exercise/ExerciseJaVaEE/apache-tomcat-7.0.62
Dec 09, 2022 3:06:57 PM org.apache.catalina.startup.VersionLoggerListener log
INFO: Command line argument: -Djava.io.tmpdir=/home/ngochuy/storage/Exercise/ExerciseJaVaEE/apache-tomcat-7.0.62/temp
Dec 09, 2022 3:06:57 PM org.apache.catalina.core.AprLifecycleListener lifecycleEvent
INFO: The APR based Apache Tomcat Native library which allows optimal performance in production environments was not found on the java.library.path: /usr/java/packages/lib/amd64:/usr/lib64:/lib64:/lib:/usr/lib
Dec 09, 2022 3:06:57 PM org.apache.coyote.AbstractProtocol init
INFO: Initializing ProtocolHandler ["http-bio-8080"]
Dec 09, 2022 3:06:57 PM org.apache.coyote.AbstractProtocol init
INFO: Initializing ProtocolHandler ["ajp-bio-8009"]
Dec 09, 2022 3:06:57 PM org.apache.catalina.startup.Catalina load
INFO: Initialization processed in 344 ms
Dec 09, 2022 3:06:57 PM org.apache.catalina.core.StandardService startInternal
INFO: Starting service Catalina
Dec 09, 2022 3:06:57 PM org.apache.catalina.core.StandardEngine startInternal
INFO: Starting Servlet Engine: Apache Tomcat/7.0.62
Dec 09, 2022 3:06:57 PM org.apache.catalina.startup.HostConfig deployDescriptor
INFO: Deploying configuration descriptor /home/ngochuy/storage/Exercise/ExerciseJaVaEE/apache-tomcat-7.0.62/conf/Catalina/localhost/ROOT.xml
Dec 09, 2022 3:06:57 PM org.apache.catalina.core.StandardContext setPath
WARNING: A context path must either be an empty string or start with a '/' and do not end with a '/'. The path [/] does not meet these criteria and has been changed to []
Dec 09, 2022 3:06:57 PM org.apache.catalina.startup.HostConfig deployDescriptor
INFO: Deployment of configuration descriptor /home/ngochuy/storage/Exercise/ExerciseJaVaEE/apache-tomcat-7.0.62/conf/Catalina/localhost/ROOT.xml has finished in 223 ms
Dec 09, 2022 3:06:57 PM org.apache.catalina.startup.HostConfig deployDescriptor
INFO: Deploying configuration descriptor /home/ngochuy/storage/Exercise/ExerciseJaVaEE/apache-tomcat-7.0.62/conf/Catalina/localhost/patient1.xml
Dec 09, 2022 3:06:57 PM org.apache.catalina.core.StandardContext setPath
WARNING: A context path must either be an empty string or start with a '/' and do not end with a '/'. The path [/] does not meet these criteria and has been changed to []
Dec 09, 2022 3:06:57 PM org.apache.catalina.core.StandardContext resourcesStart
SEVERE: Error starting static Resources
java.lang.IllegalArgumentException: Document base /data/Training/Training/Java/JavaEE/PatientManagementProject/source/PatientManagement/WebContent does not exist or is not a readable directory
	at org.apache.naming.resources.FileDirContext.setDocBase(FileDirContext.java:136)
	at org.apache.catalina.core.StandardContext.resourcesStart(StandardContext.java:5145)
	at org.apache.catalina.core.StandardContext.startInternal(StandardContext.java:5330)
	at org.apache.catalina.util.LifecycleBase.start(LifecycleBase.java:150)
	at org.apache.catalina.core.ContainerBase.addChildInternal(ContainerBase.java:901)
	at org.apache.catalina.core.ContainerBase.addChild(ContainerBase.java:877)
	at org.apache.catalina.core.StandardHost.addChild(StandardHost.java:652)
	at org.apache.catalina.startup.HostConfig.deployDescriptor(HostConfig.java:677)
	at org.apache.catalina.startup.HostConfig$DeployDescriptor.run(HostConfig.java:1912)
	at java.util.concurrent.Executors$RunnableAdapter.call(Executors.java:511)
	at java.util.concurrent.FutureTask.run(FutureTask.java:266)
	at java.util.concurrent.ThreadPoolExecutor.runWorker(ThreadPoolExecutor.java:1149)
	at java.util.concurrent.ThreadPoolExecutor$Worker.run(ThreadPoolExecutor.java:624)
	at java.lang.Thread.run(Thread.java:748)

Dec 09, 2022 3:06:57 PM org.apache.catalina.core.ContainerBase addChildInternal
SEVERE: ContainerBase.addChild: start: 
org.apache.catalina.LifecycleException: Failed to start component [StandardEngine[Catalina].StandardHost[localhost].StandardContext[/patient1]]
	at org.apache.catalina.util.LifecycleBase.start(LifecycleBase.java:154)
	at org.apache.catalina.core.ContainerBase.addChildInternal(ContainerBase.java:901)
	at org.apache.catalina.core.ContainerBase.addChild(ContainerBase.java:877)
	at org.apache.catalina.core.StandardHost.addChild(StandardHost.java:652)
	at org.apache.catalina.startup.HostConfig.deployDescriptor(HostConfig.java:677)
	at org.apache.catalina.startup.HostConfig$DeployDescriptor.run(HostConfig.java:1912)
	at java.util.concurrent.Executors$RunnableAdapter.call(Executors.java:511)
	at java.util.concurrent.FutureTask.run(FutureTask.java:266)
	at java.util.concurrent.ThreadPoolExecutor.runWorker(ThreadPoolExecutor.java:1149)
	at java.util.concurrent.ThreadPoolExecutor$Worker.run(ThreadPoolExecutor.java:624)
	at java.lang.Thread.run(Thread.java:748)
Caused by: org.apache.catalina.LifecycleException: Error in resourceStart()
	at org.apache.catalina.core.StandardContext.startInternal(StandardContext.java:5331)
	at org.apache.catalina.util.LifecycleBase.start(LifecycleBase.java:150)
	... 10 more

Dec 09, 2022 3:06:57 PM org.apache.catalina.startup.HostConfig deployDescriptor
SEVERE: Error deploying configuration descriptor /home/ngochuy/storage/Exercise/ExerciseJaVaEE/apache-tomcat-7.0.62/conf/Catalina/localhost/patient1.xml
java.lang.IllegalStateException: ContainerBase.addChild: start: org.apache.catalina.LifecycleException: Failed to start component [StandardEngine[Catalina].StandardHost[localhost].StandardContext[/patient1]]
	at org.apache.catalina.core.ContainerBase.addChildInternal(ContainerBase.java:904)
	at org.apache.catalina.core.ContainerBase.addChild(ContainerBase.java:877)
	at org.apache.catalina.core.StandardHost.addChild(StandardHost.java:652)
	at org.apache.catalina.startup.HostConfig.deployDescriptor(HostConfig.java:677)
	at org.apache.catalina.startup.HostConfig$DeployDescriptor.run(HostConfig.java:1912)
	at java.util.concurrent.Executors$RunnableAdapter.call(Executors.java:511)
	at java.util.concurrent.FutureTask.run(FutureTask.java:266)
	at java.util.concurrent.ThreadPoolExecutor.runWorker(ThreadPoolExecutor.java:1149)
	at java.util.concurrent.ThreadPoolExecutor$Worker.run(ThreadPoolExecutor.java:624)
	at java.lang.Thread.run(Thread.java:748)

Dec 09, 2022 3:06:57 PM org.apache.catalina.startup.HostConfig deployDescriptor
INFO: Deployment of configuration descriptor /home/ngochuy/storage/Exercise/ExerciseJaVaEE/apache-tomcat-7.0.62/conf/Catalina/localhost/patient1.xml has finished in 9 ms
Dec 09, 2022 3:06:57 PM org.apache.catalina.startup.HostConfig deployDirectory
INFO: Deploying web application directory /home/ngochuy/storage/Exercise/ExerciseJaVaEE/apache-tomcat-7.0.62/webapps/docs
Dec 09, 2022 3:06:57 PM org.apache.catalina.startup.HostConfig deployDirectory
INFO: Deployment of web application directory /home/ngochuy/storage/Exercise/ExerciseJaVaEE/apache-tomcat-7.0.62/webapps/docs has finished in 39 ms
Dec 09, 2022 3:06:57 PM org.apache.catalina.startup.HostConfig deployDirectory
INFO: Deploying web application directory /home/ngochuy/storage/Exercise/ExerciseJaVaEE/apache-tomcat-7.0.62/webapps/examples
Dec 09, 2022 3:06:57 PM org.apache.catalina.core.StandardContext startInternal
SEVERE: One or more listeners failed to start. Full details will be found in the appropriate container log file
Dec 09, 2022 3:06:57 PM org.apache.catalina.core.StandardContext startInternal
SEVERE: Context [/examples] startup failed due to previous errors
Dec 09, 2022 3:06:57 PM org.apache.catalina.startup.HostConfig deployDirectory
INFO: Deployment of web application directory /home/ngochuy/storage/Exercise/ExerciseJaVaEE/apache-tomcat-7.0.62/webapps/examples has finished in 136 ms
Dec 09, 2022 3:06:57 PM org.apache.catalina.startup.HostConfig deployDirectory
INFO: Deploying web application directory /home/ngochuy/storage/Exercise/ExerciseJaVaEE/apache-tomcat-7.0.62/webapps/manager
Dec 09, 2022 3:06:58 PM org.apache.catalina.startup.HostConfig deployDirectory
INFO: Deployment of web application directory /home/ngochuy/storage/Exercise/ExerciseJaVaEE/apache-tomcat-7.0.62/webapps/manager has finished in 43 ms
Dec 09, 2022 3:06:58 PM org.apache.catalina.startup.HostConfig deployDirectory
INFO: Deploying web application directory /home/ngochuy/storage/Exercise/ExerciseJaVaEE/apache-tomcat-7.0.62/webapps/host-manager
Dec 09, 2022 3:06:58 PM org.apache.catalina.startup.HostConfig deployDirectory
INFO: Deployment of web application directory /home/ngochuy/storage/Exercise/ExerciseJaVaEE/apache-tomcat-7.0.62/webapps/host-manager has finished in 38 ms
Dec 09, 2022 3:06:58 PM org.apache.coyote.AbstractProtocol start
INFO: Starting ProtocolHandler ["http-bio-8080"]
Dec 09, 2022 3:06:58 PM org.apache.coyote.AbstractProtocol start
INFO: Starting ProtocolHandler ["ajp-bio-8009"]
Dec 09, 2022 3:06:58 PM org.apache.catalina.startup.Catalina start
INFO: Server startup in 527 ms
Dec 09, 2022 3:25:08 PM org.apache.catalina.core.StandardContext reload
INFO: Reloading Context with name [] has started
Dec 09, 2022 3:25:08 PM org.apache.catalina.core.StandardContext reload
INFO: Reloading Context with name [] is completed
Dec 09, 2022 6:17:51 PM org.apache.coyote.AbstractProtocol pause
INFO: Pausing ProtocolHandler ["http-bio-8080"]
Dec 09, 2022 6:17:51 PM org.apache.coyote.AbstractProtocol pause
INFO: Pausing ProtocolHandler ["ajp-bio-8009"]
Dec 09, 2022 6:17:51 PM org.apache.catalina.core.StandardService stopInternal
INFO: Stopping service Catalina
Dec 09, 2022 6:17:51 PM org.apache.coyote.AbstractProtocol stop
INFO: Stopping ProtocolHandler ["http-bio-8080"]
Dec 09, 2022 6:17:51 PM org.apache.coyote.AbstractProtocol stop
INFO: Stopping ProtocolHandler ["ajp-bio-8009"]
Dec 09, 2022 6:17:51 PM org.apache.coyote.AbstractProtocol destroy
INFO: Destroying ProtocolHandler ["http-bio-8080"]
Dec 09, 2022 6:17:51 PM org.apache.coyote.AbstractProtocol destroy
INFO: Destroying ProtocolHandler ["ajp-bio-8009"]
